<?xml version="1.0" encoding="UTF-8"?>
<!-- Generated by org.testng.reporters.JUnitReportReporter -->
<testsuite hostname="DESKTOP-TFUFUVK" failures="0" tests="1" name="tests.ProductErrorTest" time="21.561" errors="0" timestamp="2024-01-13T11:20:56 IST" skipped="0">
  <testcase classname="tests.ProductErrorTest" name="ProductErrorValidation" time="21.561"/>
</testsuite> <!-- tests.ProductErrorTest -->
