<?xml version="1.0" encoding="UTF-8"?>
<!-- Generated by org.testng.reporters.JUnitReportReporter -->
<testsuite hostname="DESKTOP-TFUFUVK" failures="0" tests="2" name="tests.SubmitOrderTest" time="44.510" errors="0" timestamp="2024-01-13T11:20:56 IST" skipped="0">
  <testcase classname="tests.SubmitOrderTest" name="SubmitOrder" time="21.976"/>
  <testcase classname="tests.SubmitOrderTest" name="SubmitOrder" time="22.534"/>
</testsuite> <!-- tests.SubmitOrderTest -->
