<?xml version="1.0" encoding="UTF-8"?>
<!-- Generated by org.testng.reporters.JUnitReportReporter -->
<testsuite hostname="DESKTOP-TFUFUVK" failures="0" tests="3" name="cucumber.TestRunnerTestNG" time="15.227" errors="0" timestamp="2023-12-10T05:53:58 IST" skipped="0">
  <testcase classname="cucumber.TestRunnerTestNG" name="runScenario" time="3.263"/>
  <testcase classname="cucumber.TestRunnerTestNG" name="runScenario" time="6.374"/>
  <testcase classname="cucumber.TestRunnerTestNG" name="runScenario" time="5.590"/>
</testsuite> <!-- cucumber.TestRunnerTestNG -->
