<?xml version="1.0" encoding="UTF-8"?>
<!-- Generated by org.testng.reporters.JUnitReportReporter -->
<testsuite hostname="DESKTOP-TFUFUVK" failures="0" tests="1" name="tests.LoginErrorMessageTest" time="18.449" errors="0" timestamp="2024-01-13T11:20:56 IST" skipped="0">
  <testcase classname="tests.LoginErrorMessageTest" name="LoginErrorValidation" time="18.449"/>
</testsuite> <!-- tests.LoginErrorMessageTest -->
