<?xml version="1.0" encoding="UTF-8"?>
<!-- Generated by org.testng.reporters.JUnitReportReporter -->
<testsuite hostname="DESKTOP-TFUFUVK" failures="0" tests="2" name="tests.OrderDisplayTest" time="37.317" errors="0" timestamp="2024-01-14T05:40:06 IST" skipped="0">
  <testcase classname="tests.OrderDisplayTest" name="VerifyOrderdisplay" time="18.718"/>
  <testcase classname="tests.OrderDisplayTest" name="VerifyOrderdisplay" time="18.599"/>
</testsuite> <!-- tests.OrderDisplayTest -->
