<?xml version="1.0" encoding="UTF-8"?>
<!-- Generated by org.testng.reporters.JUnitReportReporter -->
<testsuite hostname="DESKTOP-TFUFUVK" failures="0" tests="2" name="tests.SubmitOrderTest" time="45.034" errors="0" timestamp="2024-01-14T05:40:06 IST" skipped="0">
  <testcase classname="tests.SubmitOrderTest" name="SubmitOrder" time="22.690"/>
  <testcase classname="tests.SubmitOrderTest" name="SubmitOrder" time="22.344"/>
</testsuite> <!-- tests.SubmitOrderTest -->
