<?xml version="1.0" encoding="UTF-8"?>
<!-- Generated by org.testng.reporters.JUnitReportReporter -->
<testsuite hostname="DESKTOP-TFUFUVK" failures="0" tests="2" name="tests.SubmitOrderTest" time="44.947" errors="0" timestamp="2024-01-13T18:24:10 IST" skipped="0">
  <testcase classname="tests.SubmitOrderTest" name="SubmitOrder" time="22.681"/>
  <testcase classname="tests.SubmitOrderTest" name="SubmitOrder" time="22.266"/>
</testsuite> <!-- tests.SubmitOrderTest -->
