<?xml version="1.0" encoding="UTF-8"?>
<!-- Generated by org.testng.reporters.JUnitReportReporter -->
<testsuite hostname="DESKTOP-TFUFUVK" failures="0" tests="2" name="tests.SubmitOrderTest" time="44.011" errors="0" timestamp="2024-01-13T15:28:00 IST" skipped="0">
  <testcase classname="tests.SubmitOrderTest" name="SubmitOrder" time="22.332"/>
  <testcase classname="tests.SubmitOrderTest" name="SubmitOrder" time="21.679"/>
</testsuite> <!-- tests.SubmitOrderTest -->
