<?xml version="1.0" encoding="UTF-8"?>
<!-- Generated by org.testng.reporters.JUnitReportReporter -->
<testsuite hostname="DESKTOP-TFUFUVK" failures="0" tests="1" name="tests.LoginErrorMessageTest" time="18.553" errors="0" timestamp="2024-01-14T05:40:06 IST" skipped="0">
  <testcase classname="tests.LoginErrorMessageTest" name="LoginErrorValidation" time="18.553"/>
</testsuite> <!-- tests.LoginErrorMessageTest -->
