<?xml version="1.0" encoding="UTF-8"?>
<!-- Generated by org.testng.reporters.JUnitReportReporter -->
<testsuite hostname="DESKTOP-TFUFUVK" failures="0" tests="3" name="cucumber.TestRunnerTestNG" time="15.170" errors="0" timestamp="2023-12-12T04:25:15 IST" skipped="0">
  <testcase classname="cucumber.TestRunnerTestNG" name="runScenario" time="3.617"/>
  <testcase classname="cucumber.TestRunnerTestNG" name="runScenario" time="5.644"/>
  <testcase classname="cucumber.TestRunnerTestNG" name="runScenario" time="5.909"/>
</testsuite> <!-- cucumber.TestRunnerTestNG -->
