<?xml version="1.0" encoding="UTF-8"?>
<!-- Generated by org.testng.reporters.JUnitReportReporter -->
<testsuite hostname="DESKTOP-TFUFUVK" failures="0" tests="2" name="tests.ErrorValidations" time="7.863" errors="0" timestamp="2024-01-12T10:56:55 IST" skipped="0">
  <testcase classname="tests.ErrorValidations" name="LoginErrorValidation" time="2.679"/>
  <testcase classname="tests.ErrorValidations" name="ProductErrorValidation" time="5.184"/>
</testsuite> <!-- tests.ErrorValidations -->
