<?xml version="1.0" encoding="UTF-8"?>
<!-- Generated by org.testng.reporters.JUnitReportReporter -->
<testsuite hostname="DESKTOP-TFUFUVK" failures="0" tests="1" name="tests.ProductErrorTest" time="21.214" errors="0" timestamp="2024-01-13T15:28:00 IST" skipped="0">
  <testcase classname="tests.ProductErrorTest" name="ProductErrorValidation" time="21.214"/>
</testsuite> <!-- tests.ProductErrorTest -->
