<?xml version="1.0" encoding="UTF-8"?>
<!-- Generated by org.testng.reporters.JUnitReportReporter -->
<testsuite hostname="DESKTOP-TFUFUVK" failures="0" tests="2" name="tests.OrderDisplayTest" time="37.582" errors="0" timestamp="2024-01-13T15:28:00 IST" skipped="0">
  <testcase classname="tests.OrderDisplayTest" name="VerifyOrderdisplay" time="18.844"/>
  <testcase classname="tests.OrderDisplayTest" name="VerifyOrderdisplay" time="18.738"/>
</testsuite> <!-- tests.OrderDisplayTest -->
